app/build/intermediates/manifest_merge_blame_file/debug/manifest-merger-blame-debug-report.txt
1<?xml version="1.0" encoding="utf-8"?>
2<manifest xmlns:android="http://schemas.android.com/apk/res/android"
3    package="com.yangheejune.notificationtutorial"
4    android:versionCode="1"
5    android:versionName="1.0" >
6
7    <uses-sdk
8        android:minSdkVersion="31"
8-->src/main/AndroidManifest.xml
9        android:targetSdkVersion="33" />
9-->src/main/AndroidManifest.xml
10
11    <uses-permission android:name="android.permission.POST_NOTIFICATIONS" />
11-->src/main/AndroidManifest.xml:5:5-77
11-->src/main/AndroidManifest.xml:5:22-74
12
13    <application
13-->src/main/AndroidManifest.xml:6:5-27:19
14        android:name="com.yangheejune.notificationtutorial.MyApp"
14-->src/main/AndroidManifest.xml:7:9-30
15        android:allowBackup="true"
15-->src/main/AndroidManifest.xml:8:9-35
16        android:appComponentFactory="androidx.core.app.CoreComponentFactory"
16-->[androidx.core:core:1.7.0] AndroidManifest.xml:24:18-86
17        android:dataExtractionRules="@xml/data_extraction_rules"
17-->src/main/AndroidManifest.xml:9:9-65
18        android:debuggable="true"
19        android:extractNativeLibs="false"
20        android:fullBackupContent="@xml/backup_rules"
20-->src/main/AndroidManifest.xml:10:9-54
21        android:icon="@mipmap/ic_launcher"
21-->src/main/AndroidManifest.xml:11:9-43
22        android:label="@string/app_name"
22-->src/main/AndroidManifest.xml:12:9-41
23        android:supportsRtl="true"
23-->src/main/AndroidManifest.xml:13:9-35
24        android:testOnly="true"
25        android:theme="@style/Theme.NotificationTutorial" >
25-->src/main/AndroidManifest.xml:14:9-58
26        <activity
26-->src/main/AndroidManifest.xml:16:9-26:20
27            android:name="com.yangheejune.notificationtutorial.MainActivity"
27-->src/main/AndroidManifest.xml:17:13-41
28            android:exported="true"
28-->src/main/AndroidManifest.xml:18:13-36
29            android:label="@string/app_name"
29-->src/main/AndroidManifest.xml:19:13-45
30            android:theme="@style/Theme.NotificationTutorial" >
30-->src/main/AndroidManifest.xml:20:13-62
31            <intent-filter>
31-->src/main/AndroidManifest.xml:21:13-25:29
32                <action android:name="android.intent.action.MAIN" />
32-->src/main/AndroidManifest.xml:22:17-69
32-->src/main/AndroidManifest.xml:22:25-66
33
34                <category android:name="android.intent.category.LAUNCHER" />
34-->src/main/AndroidManifest.xml:24:17-77
34-->src/main/AndroidManifest.xml:24:27-74
35            </intent-filter>
36        </activity>
37        <activity
37-->[androidx.compose.ui:ui-tooling:1.2.0] AndroidManifest.xml:24:9-26:39
38            android:name="androidx.compose.ui.tooling.PreviewActivity"
38-->[androidx.compose.ui:ui-tooling:1.2.0] AndroidManifest.xml:25:13-71
39            android:exported="true" />
39-->[androidx.compose.ui:ui-tooling:1.2.0] AndroidManifest.xml:26:13-36
40        <activity
40-->[androidx.compose.ui:ui-test-manifest:1.2.0] AndroidManifest.xml:24:9-26:39
41            android:name="androidx.activity.ComponentActivity"
41-->[androidx.compose.ui:ui-test-manifest:1.2.0] AndroidManifest.xml:25:13-63
42            android:exported="true" />
42-->[androidx.compose.ui:ui-test-manifest:1.2.0] AndroidManifest.xml:26:13-36
43
44        <provider
44-->[androidx.profileinstaller:profileinstaller:1.2.0] AndroidManifest.xml:25:9-33:20
45            android:name="androidx.startup.InitializationProvider"
45-->[androidx.profileinstaller:profileinstaller:1.2.0] AndroidManifest.xml:26:13-67
46            android:authorities="com.yangheejune.notificationtutorial.androidx-startup"
46-->[androidx.profileinstaller:profileinstaller:1.2.0] AndroidManifest.xml:27:13-68
47            android:exported="false" >
47-->[androidx.profileinstaller:profileinstaller:1.2.0] AndroidManifest.xml:28:13-37
48            <meta-data
48-->[androidx.profileinstaller:profileinstaller:1.2.0] AndroidManifest.xml:30:13-32:52
49                android:name="androidx.profileinstaller.ProfileInstallerInitializer"
49-->[androidx.profileinstaller:profileinstaller:1.2.0] AndroidManifest.xml:31:17-85
50                android:value="androidx.startup" />
50-->[androidx.profileinstaller:profileinstaller:1.2.0] AndroidManifest.xml:32:17-49
51        </provider>
52
53        <receiver
53-->[androidx.profileinstaller:profileinstaller:1.2.0] AndroidManifest.xml:35:9-47:20
54            android:name="androidx.profileinstaller.ProfileInstallReceiver"
54-->[androidx.profileinstaller:profileinstaller:1.2.0] AndroidManifest.xml:36:13-76
55            android:directBootAware="false"
55-->[androidx.profileinstaller:profileinstaller:1.2.0] AndroidManifest.xml:37:13-44
56            android:enabled="true"
56-->[androidx.profileinstaller:profileinstaller:1.2.0] AndroidManifest.xml:38:13-35
57            android:exported="true"
57-->[androidx.profileinstaller:profileinstaller:1.2.0] AndroidManifest.xml:39:13-36
58            android:permission="android.permission.DUMP" >
58-->[androidx.profileinstaller:profileinstaller:1.2.0] AndroidManifest.xml:40:13-57
59            <intent-filter>
59-->[androidx.profileinstaller:profileinstaller:1.2.0] AndroidManifest.xml:41:13-43:29
60                <action android:name="androidx.profileinstaller.action.INSTALL_PROFILE" />
60-->[androidx.profileinstaller:profileinstaller:1.2.0] AndroidManifest.xml:42:17-91
60-->[androidx.profileinstaller:profileinstaller:1.2.0] AndroidManifest.xml:42:25-88
61            </intent-filter>
62            <intent-filter>
62-->[androidx.profileinstaller:profileinstaller:1.2.0] AndroidManifest.xml:44:13-46:29
63                <action android:name="androidx.profileinstaller.action.SKIP_FILE" />
63-->[androidx.profileinstaller:profileinstaller:1.2.0] AndroidManifest.xml:45:17-85
63-->[androidx.profileinstaller:profileinstaller:1.2.0] AndroidManifest.xml:45:25-82
64            </intent-filter>
65        </receiver>
66    </application>
67
68</manifest>